<?xml version="1.0" encoding="UTF-8"?>
<!-- Generated by org.testng.reporters.JUnitReportReporter -->
<testsuite name="com.accenture.Restassured.Get" tests="1" time="3.001" ignored="0" failures="0" timestamp="14 Jul 2021 03:41:31 GMT" skipped="0" hostname="LAPTOP-8B5VFCJA" errors="0">
  <testcase name="pathParameter" time="3.001" classname="com.accenture.Restassured.Get"/>
</testsuite> <!-- com.accenture.Restassured.Get -->
